CRITICAL - 2021-12-11 21:15:11 --> Invalid file: administator/dashboard/dashboard.php
#0 E:\OpenServer\domains\gis-project\trunk\vendor\codeigniter4\framework\system\View\View.php(198): CodeIgniter\Exceptions\FrameworkException::forInvalidFile()
#1 E:\OpenServer\domains\gis-project\trunk\vendor\codeigniter4\framework\system\Common.php(1097): CodeIgniter\View\View->render()
#2 E:\OpenServer\domains\gis-project\trunk\app\Controllers\Administrator.php(11): view()
#3 E:\OpenServer\domains\gis-project\trunk\vendor\codeigniter4\framework\system\CodeIgniter.php(824): App\Controllers\Administrator->index()
#4 E:\OpenServer\domains\gis-project\trunk\vendor\codeigniter4\framework\system\CodeIgniter.php(410): CodeIgniter\CodeIgniter->runController()
#5 E:\OpenServer\domains\gis-project\trunk\vendor\codeigniter4\framework\system\CodeIgniter.php(318): CodeIgniter\CodeIgniter->handleRequest()
#6 E:\OpenServer\domains\gis-project\trunk\index.php(37): CodeIgniter\CodeIgniter->run()
#7 {main}
CRITICAL - 2021-12-11 21:17:16 --> Invalid file: administator/dashboard/.php
#0 E:\OpenServer\domains\gis-project\trunk\vendor\codeigniter4\framework\system\View\View.php(198): CodeIgniter\Exceptions\FrameworkException::forInvalidFile()
#1 E:\OpenServer\domains\gis-project\trunk\vendor\codeigniter4\framework\system\Common.php(1097): CodeIgniter\View\View->render()
#2 E:\OpenServer\domains\gis-project\trunk\app\Controllers\Administrator.php(11): view()
#3 E:\OpenServer\domains\gis-project\trunk\vendor\codeigniter4\framework\system\CodeIgniter.php(824): App\Controllers\Administrator->index()
#4 E:\OpenServer\domains\gis-project\trunk\vendor\codeigniter4\framework\system\CodeIgniter.php(410): CodeIgniter\CodeIgniter->runController()
#5 E:\OpenServer\domains\gis-project\trunk\vendor\codeigniter4\framework\system\CodeIgniter.php(318): CodeIgniter\CodeIgniter->handleRequest()
#6 E:\OpenServer\domains\gis-project\trunk\index.php(37): CodeIgniter\CodeIgniter->run()
#7 {main}
CRITICAL - 2021-12-11 21:17:30 --> Invalid file: administator/dashboard.php
#0 E:\OpenServer\domains\gis-project\trunk\vendor\codeigniter4\framework\system\View\View.php(198): CodeIgniter\Exceptions\FrameworkException::forInvalidFile()
#1 E:\OpenServer\domains\gis-project\trunk\vendor\codeigniter4\framework\system\Common.php(1097): CodeIgniter\View\View->render()
#2 E:\OpenServer\domains\gis-project\trunk\app\Controllers\Administrator.php(11): view()
#3 E:\OpenServer\domains\gis-project\trunk\vendor\codeigniter4\framework\system\CodeIgniter.php(824): App\Controllers\Administrator->index()
#4 E:\OpenServer\domains\gis-project\trunk\vendor\codeigniter4\framework\system\CodeIgniter.php(410): CodeIgniter\CodeIgniter->runController()
#5 E:\OpenServer\domains\gis-project\trunk\vendor\codeigniter4\framework\system\CodeIgniter.php(318): CodeIgniter\CodeIgniter->handleRequest()
#6 E:\OpenServer\domains\gis-project\trunk\index.php(37): CodeIgniter\CodeIgniter->run()
#7 {main}
CRITICAL - 2021-12-11 21:17:59 --> Invalid file: administator/dashboard/index.php
#0 E:\OpenServer\domains\gis-project\trunk\vendor\codeigniter4\framework\system\View\View.php(198): CodeIgniter\Exceptions\FrameworkException::forInvalidFile()
#1 E:\OpenServer\domains\gis-project\trunk\vendor\codeigniter4\framework\system\Common.php(1097): CodeIgniter\View\View->render()
#2 E:\OpenServer\domains\gis-project\trunk\app\Controllers\Administrator.php(11): view()
#3 E:\OpenServer\domains\gis-project\trunk\vendor\codeigniter4\framework\system\CodeIgniter.php(824): App\Controllers\Administrator->index()
#4 E:\OpenServer\domains\gis-project\trunk\vendor\codeigniter4\framework\system\CodeIgniter.php(410): CodeIgniter\CodeIgniter->runController()
#5 E:\OpenServer\domains\gis-project\trunk\vendor\codeigniter4\framework\system\CodeIgniter.php(318): CodeIgniter\CodeIgniter->handleRequest()
#6 E:\OpenServer\domains\gis-project\trunk\index.php(37): CodeIgniter\CodeIgniter->run()
#7 {main}
CRITICAL - 2021-12-11 21:18:37 --> Invalid file: administrator/dashboard.php
#0 E:\OpenServer\domains\gis-project\trunk\vendor\codeigniter4\framework\system\View\View.php(198): CodeIgniter\Exceptions\FrameworkException::forInvalidFile()
#1 E:\OpenServer\domains\gis-project\trunk\vendor\codeigniter4\framework\system\Common.php(1097): CodeIgniter\View\View->render()
#2 E:\OpenServer\domains\gis-project\trunk\app\Controllers\Administrator.php(11): view()
#3 E:\OpenServer\domains\gis-project\trunk\vendor\codeigniter4\framework\system\CodeIgniter.php(824): App\Controllers\Administrator->index()
#4 E:\OpenServer\domains\gis-project\trunk\vendor\codeigniter4\framework\system\CodeIgniter.php(410): CodeIgniter\CodeIgniter->runController()
#5 E:\OpenServer\domains\gis-project\trunk\vendor\codeigniter4\framework\system\CodeIgniter.php(318): CodeIgniter\CodeIgniter->handleRequest()
#6 E:\OpenServer\domains\gis-project\trunk\index.php(37): CodeIgniter\CodeIgniter->run()
#7 {main}
CRITICAL - 2021-12-11 21:18:43 --> Invalid file: administrator/dashboard/.php
#0 E:\OpenServer\domains\gis-project\trunk\vendor\codeigniter4\framework\system\View\View.php(198): CodeIgniter\Exceptions\FrameworkException::forInvalidFile()
#1 E:\OpenServer\domains\gis-project\trunk\vendor\codeigniter4\framework\system\Common.php(1097): CodeIgniter\View\View->render()
#2 E:\OpenServer\domains\gis-project\trunk\app\Controllers\Administrator.php(11): view()
#3 E:\OpenServer\domains\gis-project\trunk\vendor\codeigniter4\framework\system\CodeIgniter.php(824): App\Controllers\Administrator->index()
#4 E:\OpenServer\domains\gis-project\trunk\vendor\codeigniter4\framework\system\CodeIgniter.php(410): CodeIgniter\CodeIgniter->runController()
#5 E:\OpenServer\domains\gis-project\trunk\vendor\codeigniter4\framework\system\CodeIgniter.php(318): CodeIgniter\CodeIgniter->handleRequest()
#6 E:\OpenServer\domains\gis-project\trunk\index.php(37): CodeIgniter\CodeIgniter->run()
#7 {main}
